<?xml version="1.0" encoding="UTF-8"?>
<!-- Generated by org.testng.reporters.JUnitReportReporter -->
<testsuite hostname="DESKTOP-H2BO24O" failures="0" tests="3" name="com.Automation.testcases.SendMessage" time="65.433" errors="0" timestamp="21 Oct 2022 01:54:08 GMT" skipped="0">
  <testcase classname="com.Automation.testcases.SendMessage" name="SendMessage" time="39.338"/>
  <testcase classname="com.Automation.testcases.SendMessage" name="checkSavedMessage" time="5.883"/>
  <testcase classname="com.Automation.testcases.SendMessage" name="searchMessageInSlack" time="20.212"/>
</testsuite> <!-- com.Automation.testcases.SendMessage -->
