<?xml version="1.0" encoding="UTF-8"?>
<!-- Generated by org.testng.reporters.JUnitReportReporter -->
<testsuite hostname="DESKTOP-H2BO24O" failures="0" tests="3" name="com.Automation.testcases.SendMessage" time="35.782" errors="0" timestamp="21 Oct 2022 08:41:44 GMT" skipped="0">
  <testcase classname="com.Automation.testcases.SendMessage" name="SendMessage" time="17.466"/>
  <testcase classname="com.Automation.testcases.SendMessage" name="checkSavedMessage" time="0.599"/>
  <testcase classname="com.Automation.testcases.SendMessage" name="searchMessageInSlack" time="17.717"/>
</testsuite> <!-- com.Automation.testcases.SendMessage -->
