<?xml version="1.0" encoding="UTF-8"?>
<!-- Generated by org.testng.reporters.JUnitReportReporter -->
<testsuite hostname="DESKTOP-H2BO24O" failures="0" tests="3" name="com.Automation.testcases.SendMessage" time="49.532" errors="0" timestamp="21 Oct 2022 21:54:47 GMT" skipped="0">
  <testcase classname="com.Automation.testcases.SendMessage" name="SendMessage" time="15.600"/>
  <testcase classname="com.Automation.testcases.SendMessage" name="checkSavedMessage" time="1.620"/>
  <testcase classname="com.Automation.testcases.SendMessage" name="searchMessageInSlack" time="32.312"/>
</testsuite> <!-- com.Automation.testcases.SendMessage -->
